[ error ] ofGstUtils: startPipeline(): unable to pause pipeline
[ error ] ofGstUtils: gstHandleMessage(): embedded video playback halted for plugin, module source  reported: Ressource introuvable.
[ error ] ofGstUtils: startPipeline(): unable to pause pipeline
[ error ] ofGstUtils: gstHandleMessage(): embedded video playback halted for plugin, module source  reported: Ressource introuvable.
[ error ] ofGstUtils: startPipeline(): unable to pause pipeline
[ error ] ofGstUtils: gstHandleMessage(): embedded video playback halted for plugin, module source  reported: Ressource introuvable.
[ error ] ofGstUtils: gstHandleMessage(): embedded video playback halted for plugin, module source  reported: Ressource introuvable.
[ error ] ofGstUtils: startPipeline(): unable to pause pipeline
[ error ] ofGstUtils: startPipeline(): unable to pause pipeline
[ error ] ofGstUtils: gstHandleMessage(): embedded video playback halted for plugin, module source  reported: Ressource introuvable.
[ error ] ofGstUtils: gstHandleMessage(): embedded video playback halted for plugin, module source  reported: Ressource introuvable.
[ error ] ofGstUtils: startPipeline(): unable to pause pipeline
[ error ] ofGstUtils: gstHandleMessage(): embedded video playback halted for plugin, module source  reported: Ressource introuvable.
[ error ] ofGstUtils: startPipeline(): unable to pause pipeline
[ error ] ofGstUtils: startPipeline(): unable to pause pipeline
[ error ] ofGstUtils: gstHandleMessage(): embedded video playback halted for plugin, module source  reported: Ressource introuvable.
[ error ] ofGstUtils: startPipeline(): unable to pause pipeline
[ error ] ofGstUtils: gstHandleMessage(): embedded video playback halted for plugin, module source  reported: Ressource introuvable.
[ error ] ofGstUtils: startPipeline(): unable to pause pipeline
[ error ] ofGstUtils: gstHandleMessage(): embedded video playback halted for plugin, module source  reported: Ressource introuvable.
[ error ] ofGstUtils: gstHandleMessage(): embedded video playback halted for plugin, module source  reported: Ressource introuvable.
[ error ] ofGstUtils: startPipeline(): unable to pause pipeline
[ error ] ofGstUtils: gstHandleMessage(): embedded video playback halted for plugin, module source  reported: Ressource introuvable.
[ error ] ofGstUtils: startPipeline(): unable to pause pipeline
[ error ] ofGstUtils: gstHandleMessage(): embedded video playback halted for plugin, module source  reported: Ressource introuvable.
[ error ] ofGstUtils: startPipeline(): unable to pause pipeline
[ error ] ofGstUtils[ error ] ofGstUtils: startPipeline(): unable to pause pipeline
: gstHandleMessage(): embedded video playback halted for plugin, module source  reported: Ressource introuvable.
[ error ] ofGstUtils: startPipeline(): unable to pause pipeline
[ error ] ofGstUtils: gstHandleMessage(): embedded video playback halted for plugin, module source  reported: Ressource introuvable.
[ error ] ofGstUtils: startPipeline(): unable to pause pipeline
[ error ] ofGstUtils: gstHandleMessage(): embedded video playback halted for plugin, module source  reported: Ressource introuvable.
[ error ] ofGstUtils: startPipeline(): unable to pause pipeline
[ error ] ofGstUtils: gstHandleMessage(): embedded video playback halted for plugin, module source  reported: Ressource introuvable.
[ error ] ofGstUtils: gstHandleMessage(): embedded video playback halted for plugin, module source  reported: Ressource introuvable.
[ error ] ofGstUtils: startPipeline(): unable to pause pipeline
[ error ] ofGstUtils: startPipeline(): unable to pause pipeline
[ error ] ofGstUtils: gstHandleMessage(): embedded video playback halted for plugin, module source  reported: Ressource introuvable.
[ error ] ofGstUtils: gstHandleMessage(): embedded video playback halted for plugin, module source  reported: Ressource introuvable.
[ error ] ofGstUtils: startPipeline(): unable to pause pipeline
[ error ] ofGstUtils: gstHandleMessage(): embedded video playback halted for plugin, module source  reported: Ressource introuvable.
[ error ] ofGstUtils: startPipeline(): unable to pause pipeline
[ error ] ofGstUtils[ error ] ofGstUtils: startPipeline(): unable to pause pipeline
: gstHandleMessage(): embedded video playback halted for plugin, module source  reported: Ressource introuvable.
[ error ] ofGstUtils: [ error ] ofGstUtils: startPipeline(): unable to pause pipeline
gstHandleMessage(): embedded video playback halted for plugin, module source  reported: Ressource introuvable.
[ error ] ofGstUtils: gstHandleMessage(): embedded video playback halted for plugin, module source  reported: Ressource introuvable.
[ error ] ofGstUtils: startPipeline(): unable to pause pipeline
[ error ] ofGstUtils: gstHandleMessage(): embedded video playback halted for plugin, module source  reported: Ressource introuvable.
[ error ] ofGstUtils: startPipeline(): unable to pause pipeline
[ error ] ofGstUtils: startPipeline(): unable to pause pipeline
[ error ] ofGstUtils: gstHandleMessage(): embedded video playback halted for plugin, module source  reported: Ressource introuvable.
pd: exiting
[ error ] ofGstUtils: startPipeline(): unable to pause pipeline
[ error ] ofGstUtils: gstHandleMessage(): embedded video playback halted for plugin, module source  reported: Ressource introuvable.
[ error ] ofGstUtils[ error ] : gstHandleMessage(): embedded video playback halted for plugin, module source  reported: Ressource introuvable.
ofGstUtils: startPipeline(): unable to pause pipeline
[ error ] ofGstUtils: gstHandleMessage(): embedded video playback halted for plugin, module source  reported: Ressource introuvable.
[ error ] ofGstUtils: startPipeline(): unable to pause pipeline
[ error ] ofGstUtils: startPipeline(): unable to pause pipeline
[ error ] ofGstUtils: gstHandleMessage(): embedded video playback halted for plugin, module source  reported: Ressource introuvable.
[ error ] ofGstUtils: gstHandleMessage(): embedded video playback halted for plugin, module source  reported: Ressource introuvable.
[ error ] ofGstUtils: startPipeline(): unable to pause pipeline
[ error ] ofGstUtils: gstHandleMessage(): embedded video playback halted for plugin, module source  reported: Ressource introuvable.
[ error ] ofGstUtils: startPipeline(): unable to pause pipeline
[ error ] ofGstUtils: gstHandleMessage(): embedded video playback halted for plugin, module source  reported: Ressource introuvable.
[ error ] ofGstUtils: startPipeline(): unable to pause pipeline
[ error ] ofGstUtils: startPipeline(): unable to pause pipeline
[ error ] ofGstUtils: gstHandleMessage(): embedded video playback halted for plugin, module source  reported: Ressource introuvable.
[ error ] ofGstUtils: startPipeline(): unable to pause pipeline
[ error ] ofGstUtils: gstHandleMessage(): embedded video playback halted for plugin, module source  reported: Ressource introuvable.
pd: exiting
pd: exiting
